[INFO] Scanning for projects...
[INFO] 
[INFO] -----------------< com.hotel:hotel-management-system >------------------
[INFO] Building hotel-management-system 0.0.1-SNAPSHOT
[INFO]   from pom.xml
[INFO] --------------------------------[ jar ]---------------------------------
[INFO] 
[INFO] >>> spring-boot:3.2.0:run (default-cli) > test-compile @ hotel-management-system >>>
[INFO] 
[INFO] --- resources:3.3.1:resources (default-resources) @ hotel-management-system ---
[INFO] Copying 1 resource from src\main\resources to target\classes
[INFO] Copying 4 resources from src\main\resources to target\classes
[INFO] 
[INFO] --- compiler:3.11.0:compile (default-compile) @ hotel-management-system ---
[INFO] Nothing to compile - all classes are up to date
[INFO] 
[INFO] --- resources:3.3.1:testResources (default-testResources) @ hotel-management-system ---
[INFO] skip non existing resourceDirectory C:\Users\asus\Desktop\fullstack full\backend\src\test\resources
[INFO] 
[INFO] --- compiler:3.11.0:testCompile (default-testCompile) @ hotel-management-system ---
[INFO] No sources to compile
[INFO] 
[INFO] <<< spring-boot:3.2.0:run (default-cli) < test-compile @ hotel-management-system <<<
[INFO] 
[INFO] 
[INFO] --- spring-boot:3.2.0:run (default-cli) @ hotel-management-system ---
[INFO] Attaching agents: []

  .   ____          _            __ _ _
 /\\ / ___'_ __ _ _(_)_ __  __ _ \ \ \ \
( ( )\___ | '_ | '_| | '_ \/ _` | \ \ \ \
 \\/  ___)| |_)| | | | | || (_| |  ) ) ) )
  '  |____| .__|_| |_|_| |_\__, | / / / /
 =========|_|==============|___/=/_/_/_/
 :: Spring Boot ::                (v3.2.0)

2025-12-16T15:56:54.656+05:30  INFO 19712 --- [hotel-management-system] [           main] c.h.s.HotelManagementSystemApplication   : Starting HotelManagementSystemApplication using Java 23.0.1 with PID 19712 (C:\Users\asus\Desktop\fullstack full\backend\target\classes started by asus in C:\Users\asus\Desktop\fullstack full\backend)
2025-12-16T15:56:54.660+05:30  INFO 19712 --- [hotel-management-system] [           main] c.h.s.HotelManagementSystemApplication   : No active profile set, falling back to 1 default profile: "default"
2025-12-16T15:56:55.837+05:30  INFO 19712 --- [hotel-management-system] [           main] .s.d.r.c.RepositoryConfigurationDelegate : Bootstrapping Spring Data JPA repositories in DEFAULT mode.
2025-12-16T15:56:55.953+05:30  INFO 19712 --- [hotel-management-system] [           main] .s.d.r.c.RepositoryConfigurationDelegate : Finished Spring Data repository scanning in 99 ms. Found 4 JPA repository interfaces.
2025-12-16T15:56:57.072+05:30  INFO 19712 --- [hotel-management-system] [           main] o.s.b.w.embedded.tomcat.TomcatWebServer  : Tomcat initialized with port 8081 (http)
2025-12-16T15:56:57.090+05:30  INFO 19712 --- [hotel-management-system] [           main] o.apache.catalina.core.StandardService   : Starting service [Tomcat]
2025-12-16T15:56:57.090+05:30  INFO 19712 --- [hotel-management-system] [           main] o.apache.catalina.core.StandardEngine    : Starting Servlet engine: [Apache Tomcat/10.1.16]
2025-12-16T15:56:57.195+05:30  INFO 19712 --- [hotel-management-system] [           main] o.a.c.c.C.[Tomcat].[localhost].[/]       : Initializing Spring embedded WebApplicationContext
2025-12-16T15:56:57.197+05:30  INFO 19712 --- [hotel-management-system] [           main] w.s.c.ServletWebServerApplicationContext : Root WebApplicationContext: initialization completed in 2436 ms
2025-12-16T15:56:57.419+05:30  INFO 19712 --- [hotel-management-system] [           main] o.hibernate.jpa.internal.util.LogHelper  : HHH000204: Processing PersistenceUnitInfo [name: default]
2025-12-16T15:56:57.520+05:30  INFO 19712 --- [hotel-management-system] [           main] org.hibernate.Version                    : HHH000412: Hibernate ORM core version 6.3.1.Final
2025-12-16T15:56:57.603+05:30  INFO 19712 --- [hotel-management-system] [           main] o.h.c.internal.RegionFactoryInitiator    : HHH000026: Second-level cache disabled
2025-12-16T15:56:58.077+05:30  INFO 19712 --- [hotel-management-system] [           main] o.s.o.j.p.SpringPersistenceUnitInfo      : No LoadTimeWeaver setup: ignoring JPA class transformer
2025-12-16T15:56:58.121+05:30  INFO 19712 --- [hotel-management-system] [           main] com.zaxxer.hikari.HikariDataSource       : HikariPool-1 - Starting...
2025-12-16T15:56:58.399+05:30  INFO 19712 --- [hotel-management-system] [           main] com.zaxxer.hikari.pool.HikariPool        : HikariPool-1 - Added connection com.mysql.cj.jdbc.ConnectionImpl@5bb2fb2b
2025-12-16T15:56:58.406+05:30  INFO 19712 --- [hotel-management-system] [           main] com.zaxxer.hikari.HikariDataSource       : HikariPool-1 - Start completed.
2025-12-16T15:56:58.478+05:30  WARN 19712 --- [hotel-management-system] [           main] org.hibernate.orm.deprecation            : HHH90000025: MySQL8Dialect does not need to be specified explicitly using 'hibernate.dialect' (remove the property setting and it will be selected by default)
2025-12-16T15:56:58.479+05:30  WARN 19712 --- [hotel-management-system] [           main] org.hibernate.orm.deprecation            : HHH90000026: MySQL8Dialect has been deprecated; use org.hibernate.dialect.MySQLDialect instead
2025-12-16T15:56:59.934+05:30  INFO 19712 --- [hotel-management-system] [           main] o.h.e.t.j.p.i.JtaPlatformInitiator       : HHH000489: No JTA platform available (set 'hibernate.transaction.jta.platform' to enable JTA platform integration)
2025-12-16T15:57:00.082+05:30  INFO 19712 --- [hotel-management-system] [           main] j.LocalContainerEntityManagerFactoryBean : Initialized JPA EntityManagerFactory for persistence unit 'default'
2025-12-16T15:57:01.065+05:30  WARN 19712 --- [hotel-management-system] [           main] JpaBaseConfiguration$JpaWebConfiguration : spring.jpa.open-in-view is enabled by default. Therefore, database queries may be performed during view rendering. Explicitly configure spring.jpa.open-in-view to disable this warning
2025-12-16T15:57:01.246+05:30  INFO 19712 --- [hotel-management-system] [           main] o.s.b.a.w.s.WelcomePageHandlerMapping    : Adding welcome page: class path resource [static/index.html]
2025-12-16T15:57:01.349+05:30  WARN 19712 --- [hotel-management-system] [           main] ConfigServletWebServerApplicationContext : Exception encountered during context initialization - cancelling refresh attempt: org.springframework.beans.factory.UnsatisfiedDependencyException: Error creating bean with name 'org.springframework.security.config.annotation.web.configuration.WebSecurityConfiguration': Unsatisfied dependency expressed through method 'setFilterChains' parameter 0: Error creating bean with name 'securityFilterChain' defined in class path resource [com/hotel/system/config/SecurityConfig.class]: Failed to instantiate [org.springframework.security.web.SecurityFilterChain]: Factory method 'securityFilterChain' threw exception with message: Error creating bean with name 'mvcHandlerMappingIntrospector' defined in class path resource [org/springframework/boot/autoconfigure/web/servlet/WebMvcAutoConfiguration$EnableWebMvcConfiguration.class]: Error creating bean with name 'requestMappingHandlerMapping' defined in class path resource [org/springframework/boot/autoconfigure/web/servlet/WebMvcAutoConfiguration$EnableWebMvcConfiguration.class]: Invalid mapping on handler class [com.hotel.system.controller.ViewController]: public java.lang.String com.hotel.system.controller.ViewController.forward()
2025-12-16T15:57:01.354+05:30  INFO 19712 --- [hotel-management-system] [           main] j.LocalContainerEntityManagerFactoryBean : Closing JPA EntityManagerFactory for persistence unit 'default'
2025-12-16T15:57:01.356+05:30  INFO 19712 --- [hotel-management-system] [           main] com.zaxxer.hikari.HikariDataSource       : HikariPool-1 - Shutdown initiated...
2025-12-16T15:57:01.370+05:30  INFO 19712 --- [hotel-management-system] [           main] com.zaxxer.hikari.HikariDataSource       : HikariPool-1 - Shutdown completed.
2025-12-16T15:57:01.370+05:30  INFO 19712 --- [hotel-management-system] [           main] o.apache.catalina.core.StandardService   : Stopping service [Tomcat]
2025-12-16T15:57:01.393+05:30  INFO 19712 --- [hotel-management-system] [           main] .s.b.a.l.ConditionEvaluationReportLogger : 

Error starting ApplicationContext. To display the condition evaluation report re-run your application with 'debug' enabled.
2025-12-16T15:57:01.421+05:30 ERROR 19712 --- [hotel-management-system] [           main] o.s.b.d.LoggingFailureAnalysisReporter   : 

***************************
APPLICATION FAILED TO START
***************************

Description:

Invalid mapping pattern detected: /**/{path:[^\.]*}
^
No more pattern data allowed after {*...} or ** pattern element

Action:

Fix this pattern in your application or switch to the legacy parser implementation with 'spring.mvc.pathmatch.matching-strategy=ant_path_matcher'.

[INFO] ------------------------------------------------------------------------
[INFO] BUILD FAILURE
[INFO] ------------------------------------------------------------------------
[INFO] Total time:  11.490 s
[INFO] Finished at: 2025-12-16T15:57:01+05:30
[INFO] ------------------------------------------------------------------------
[ERROR] Failed to execute goal org.springframework.boot:spring-boot-maven-plugin:3.2.0:run (default-cli) on project hotel-management-system: Process terminated with exit code: 1 -> [Help 1]
[ERROR] 
[ERROR] To see the full stack trace of the errors, re-run Maven with the -e switch.
[ERROR] Re-run Maven using the -X switch to enable full debug logging.
[ERROR] 
[ERROR] For more information about the errors and possible solutions, please read the following articles:
[ERROR] [Help 1] http://cwiki.apache.org/confluence/display/MAVEN/MojoExecutionException
